[debug] [2022-12-11T19:32:41.845Z] ----------------------------------------------------------------------
[debug] [2022-12-11T19:32:41.847Z] Command:       C:\Program Files\nodejs\node.exe C:\Users\Kau\AppData\Roaming\npm\node_modules\firebase-tools\lib\bin\firebase.js init
[debug] [2022-12-11T19:32:41.848Z] CLI Version:   11.17.0
[debug] [2022-12-11T19:32:41.848Z] Platform:      win32
[debug] [2022-12-11T19:32:41.848Z] Node Version:  v18.12.1
[debug] [2022-12-11T19:32:41.849Z] Time:          Sun Dec 11 2022 16:32:41 GMT-0300 (Horário Padrão de Brasília)
[debug] [2022-12-11T19:32:41.849Z] ----------------------------------------------------------------------
[debug] 
[debug] [2022-12-11T19:32:41.857Z] > command requires scopes: ["email","openid","https://www.googleapis.com/auth/cloudplatformprojects.readonly","https://www.googleapis.com/auth/firebase","https://www.googleapis.com/auth/cloud-platform"]
[debug] [2022-12-11T19:32:41.858Z] > authorizing via signed-in user (solutionssteno@gmail.com)
[info] 
     ######## #### ########  ######## ########     ###     ######  ########
     ##        ##  ##     ## ##       ##     ##  ##   ##  ##       ##
     ######    ##  ########  ######   ########  #########  ######  ######
     ##        ##  ##    ##  ##       ##     ## ##     ##       ## ##
     ##       #### ##     ## ######## ########  ##     ##  ######  ########

You're about to initialize a Firebase project in this directory:

  C:\Users\Kau\Documents\PROJETOS\doti

[info] 
=== Project Setup
[info] 
[info] First, let's associate this project directory with a Firebase project.
[info] You can create multiple project aliases by running firebase use --add, 
[info] but for now we'll just set up a default project.
[info] 
[debug] [2022-12-11T19:33:02.378Z] > refreshing access token with scopes: []
[debug] [2022-12-11T19:33:02.381Z] >>> [apiv2][query] POST https://www.googleapis.com/oauth2/v3/token [none]
[debug] [2022-12-11T19:33:02.381Z] >>> [apiv2][body] POST https://www.googleapis.com/oauth2/v3/token [omitted]
[debug] [2022-12-11T19:33:02.767Z] <<< [apiv2][status] POST https://www.googleapis.com/oauth2/v3/token 200
[debug] [2022-12-11T19:33:02.767Z] <<< [apiv2][body] POST https://www.googleapis.com/oauth2/v3/token [omitted]
[debug] [2022-12-11T19:33:02.779Z] >>> [apiv2][query] GET https://firebase.googleapis.com/v1beta1/projects pageSize=100
[debug] [2022-12-11T19:33:03.612Z] <<< [apiv2][status] GET https://firebase.googleapis.com/v1beta1/projects 200
[debug] [2022-12-11T19:33:03.612Z] <<< [apiv2][body] GET https://firebase.googleapis.com/v1beta1/projects [omitted]
[info] i  Using project steno-doti (steno-doti) 
[info] 
=== Hosting Setup
[info] 
[info] Your public directory is the folder (relative to your project directory) that
[info] will contain Hosting assets to be uploaded with firebase deploy. If you
[info] have a build process for your assets, use your build's output directory.
[info] 
[debug] [2022-12-11T19:35:58.822Z] >>> [apiv2][query] GET https://www.gstatic.com/firebasejs/releases.json [none]
[debug] [2022-12-11T19:35:59.654Z] <<< [apiv2][status] GET https://www.gstatic.com/firebasejs/releases.json 200
[debug] [2022-12-11T19:35:59.655Z] <<< [apiv2][body] GET https://www.gstatic.com/firebasejs/releases.json {"current":{"version":"9.15.0","browserURL":"https://www.gstatic.com/firebasejs/9.15.0/firebase.js","packageURL":"https://www.gstatic.com/firebasejs/9.15.0/firebase.tgz"},"live":{"version":"9.15","browserURL":"https://www.gstatic.com/firebasejs/live/9.15/firebase.js","packageURL":"https://www.gstatic.com/firebasejs/live/9.15/firebase.tgz"},"components":{"analytics":"https://www.gstatic.com/firebasejs/9.15.0/firebase-analytics.js","app":"https://www.gstatic.com/firebasejs/9.15.0/firebase-app.js","app-check":"https://www.gstatic.com/firebasejs/9.15.0/firebase-app-check.js","auth":"https://www.gstatic.com/firebasejs/9.15.0/firebase-auth.js","auth/cordova":"https://www.gstatic.com/firebasejs/9.15.0/firebase-auth/cordova.js","auth/react-native":"https://www.gstatic.com/firebasejs/9.15.0/firebase-auth/react-native.js","functions":"https://www.gstatic.com/firebasejs/9.15.0/firebase-functions.js","firestore":"https://www.gstatic.com/firebasejs/9.15.0/firebase-firestore.js","firestore/lite":"https://www.gstatic.com/firebasejs/9.15.0/firebase-firestore/lite.js","installations":"https://www.gstatic.com/firebasejs/9.15.0/firebase-installations.js","storage":"https://www.gstatic.com/firebasejs/9.15.0/firebase-storage.js","performance":"https://www.gstatic.com/firebasejs/9.15.0/firebase-performance.js","remote-config":"https://www.gstatic.com/firebasejs/9.15.0/firebase-remote-config.js","messaging":"https://www.gstatic.com/firebasejs/9.15.0/firebase-messaging.js","messaging/sw":"https://www.gstatic.com/firebasejs/9.15.0/firebase-messaging/sw.js","database":"https://www.gstatic.com/firebasejs/9.15.0/firebase-database.js","firestore.memory":"https://www.gstatic.com/firebasejs/9.15.0/firebase-firestore.memory.js"}}
[info] i  Skipping write of public/index.html 
[info] 
[info] i  Detected a .git folder at C:\Users\Kau\Documents\PROJETOS\doti 
[info] i  Authorizing with GitHub to upload your service account to a GitHub repository's secrets store. 
[info] 
[info] Visit this URL on this device to log in:
[info] https://github.com/login/oauth/authorize?client_id=89cf50f02ac6aaed3484&state=973563130&redirect_uri=http%3A%2F%2Flocalhost%3A9005&scope=read%3Auser%20repo%20public_repo
[info] 
[info] Waiting for authentication...
[debug] [2022-12-11T19:36:49.257Z] >>> [apiv2][query] POST https://github.com/login/oauth/access_token [none]
[debug] [2022-12-11T19:36:49.257Z] >>> [apiv2][body] POST https://github.com/login/oauth/access_token [stream]
[debug] [2022-12-11T19:36:49.661Z] <<< [apiv2][status] POST https://github.com/login/oauth/access_token 200
[debug] [2022-12-11T19:36:49.662Z] <<< [apiv2][body] POST https://github.com/login/oauth/access_token {"access_token":"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","token_type":"bearer","scope":"read:user,repo"}
[debug] [2022-12-11T19:36:49.667Z] >>> [apiv2][query] GET https://api.github.com/user [none]
[debug] [2022-12-11T19:36:50.083Z] <<< [apiv2][status] GET https://api.github.com/user 200
[debug] [2022-12-11T19:36:50.083Z] <<< [apiv2][body] GET https://api.github.com/user {"login":"karinessousa","id":14946104,"node_id":"MDQ6VXNlcjE0OTQ2MTA0","avatar_url":"https://avatars.githubusercontent.com/u/14946104?v=4","gravatar_id":"","url":"https://api.github.com/users/karinessousa","html_url":"https://github.com/karinessousa","followers_url":"https://api.github.com/users/karinessousa/followers","following_url":"https://api.github.com/users/karinessousa/following{/other_user}","gists_url":"https://api.github.com/users/karinessousa/gists{/gist_id}","starred_url":"https://api.github.com/users/karinessousa/starred{/owner}{/repo}","subscriptions_url":"https://api.github.com/users/karinessousa/subscriptions","organizations_url":"https://api.github.com/users/karinessousa/orgs","repos_url":"https://api.github.com/users/karinessousa/repos","events_url":"https://api.github.com/users/karinessousa/events{/privacy}","received_events_url":"https://api.github.com/users/karinessousa/received_events","type":"User","site_admin":false,"name":null,"company":null,"blog":"","location":null,"email":null,"hireable":null,"bio":null,"twitter_username":null,"public_repos":6,"public_gists":0,"followers":2,"following":0,"created_at":"2015-10-02T19:44:25Z","updated_at":"2022-05-10T00:02:35Z","private_gists":0,"total_private_repos":0,"owned_private_repos":0,"disk_usage":119084,"collaborators":0,"two_factor_authentication":false,"plan":{"name":"free","space":976562499,"collaborators":0,"private_repos":10000}}
[info] 
[info] +  Success! Logged into GitHub as karinessousa 
[info] 
